
 |GET - /orders/all, |2021-04-26T10:41:21.451Z|
 |GET - /orders/all, |2021-04-26T10:41:21.914Z|
 |GET - /orders/all, |2021-04-26T10:41:22.342Z|
 |GET - /orders/all, |2021-04-26T10:41:22.735Z|
 |GET - /orders/all, |2021-04-26T10:41:23.137Z|
 |GET - /orders/all, |2021-04-26T10:41:23.588Z|
 |GET - /orders/all, |2021-04-26T10:41:23.980Z|
 |GET - /orders/all, |2021-04-26T10:44:24.991Z|
 |GET - /orders/all, |2021-04-26T10:44:25.348Z|
 |POST - /orders, | DATE: 2021-04-26T11:15:06.175Z | IP: ::1 
 |POST - /orders, | DATE: 2021-04-26T11:15:34.910Z | IP: ::1 
 |POST - /orders, | DATE: 2021-04-26T11:15:36.728Z | IP: ::1 
 |POST - /orders, | DATE: 2021-04-26T11:15:37.990Z | IP: ::1 
 |GET - /orders, | DATE: 2021-04-26T11:15:45.759Z | IP: ::1 
 |GET - /orders, | DATE: 2021-04-26T11:15:46.394Z | IP: ::1 
 |GET - /orders, | DATE: 2021-04-26T11:15:46.745Z | IP: ::1 
 |GET - /orders, | DATE: 2021-04-26T11:15:47.129Z | IP: ::1 
 |DELETE - /orders/79, | DATE: 2021-04-26T11:16:05.838Z | IP: ::1 
 |DELETE - /orders/79, | DATE: 2021-04-26T11:16:08.346Z | IP: ::1 
 |DELETE - /orders/79, | DATE: 2021-04-26T11:16:08.787Z | IP: ::1 
 |DELETE - /orders/79, | DATE: 2021-04-26T11:16:09.162Z | IP: ::1 
 |GET - /orders/79, | DATE: 2021-04-26T11:16:12.302Z | IP: ::1 
 |GET - /orders, | DATE: 2021-04-26T11:16:16.539Z | IP: ::1 